Build started 4/12/2017 4:00:37 PM.
     1>Project "D:\GitHub\CEN_110\Lab\Week_5\2-The student with the highest average\2-The student with the highest average\2-The student with the highest average.vcxproj" on node 2 (Build target(s)).
     1>ClCompile:
         C:\Program Files (x86)\Microsoft Visual Studio 12.0\VC\bin\CL.exe /c /Zi /nologo /W3 /WX- /O2 /Oi /Oy- /GL /D WIN32 /D NDEBUG /D _CONSOLE /D _LIB /D _UNICODE /D UNICODE /Gm- /EHsc /MD /GS /Gy /fp:precise /Zc:wchar_t /Zc:forScope /Fo"Release\\" /Fd"Release\vc120.pdb" /Gd /TC /analyze- /errorReport:prompt main.c
         main.c
     1>main.c(15): warning C4996: 'fopen': This function or variable may be unsafe. Consider using fopen_s instead. To disable deprecation, use _CRT_SECURE_NO_WARNINGS. See online help for details.
                 C:\Program Files (x86)\Microsoft Visual Studio 12.0\VC\include\stdio.h(211) : see declaration of 'fopen'
     1>main.c(23): warning C4047: 'function' : 'int *' differs in levels of indirection from 'stdName [100]'
     1>main.c(23): warning C4024: 'getData' : different types for formal and actual parameter 1
     1>main.c(23): warning C4047: 'function' : 'const int' differs in levels of indirection from 'double [100]'
     1>main.c(23): warning C4024: 'getData' : different types for formal and actual parameter 2
     1>main.c(23): warning C4020: 'getData' : too many actual parameters
     1>main.c(29): warning C4996: 'strcpy': This function or variable may be unsafe. Consider using strcpy_s instead. To disable deprecation, use _CRT_SECURE_NO_WARNINGS. See online help for details.
     1>main.c(19): warning C4101: 'grade' : unreferenced local variable
     1>main.c(43): warning C4996: 'fscanf': This function or variable may be unsafe. Consider using fscanf_s instead. To disable deprecation, use _CRT_SECURE_NO_WARNINGS. See online help for details.
                 C:\Program Files (x86)\Microsoft Visual Studio 12.0\VC\include\stdio.h(230) : see declaration of 'fscanf'
     1>main.c(48): warning C4028: formal parameter 1 different from declaration
     1>main.c(48): warning C4028: formal parameter 2 different from declaration
     1>main.c(48): warning C4029: declared formal parameter list different from definition
     1>main.c(55): warning C4996: 'fscanf': This function or variable may be unsafe. Consider using fscanf_s instead. To disable deprecation, use _CRT_SECURE_NO_WARNINGS. See online help for details.
                 C:\Program Files (x86)\Microsoft Visual Studio 12.0\VC\include\stdio.h(230) : see declaration of 'fscanf'
     1>main.c(104): warning C4996: 'strcpy': This function or variable may be unsafe. Consider using strcpy_s instead. To disable deprecation, use _CRT_SECURE_NO_WARNINGS. See online help for details.
     1>main.c(105): warning C4996: 'strcpy': This function or variable may be unsafe. Consider using strcpy_s instead. To disable deprecation, use _CRT_SECURE_NO_WARNINGS. See online help for details.
     1>main.c(106): warning C4996: 'strcpy': This function or variable may be unsafe. Consider using strcpy_s instead. To disable deprecation, use _CRT_SECURE_NO_WARNINGS. See online help for details.
       Link:
         C:\Program Files (x86)\Microsoft Visual Studio 12.0\VC\bin\link.exe /ERRORREPORT:PROMPT /OUT:"D:\GitHub\CEN_110\Lab\Week_5\2-The student with the highest average\Release\2-The student with the highest average.exe" /INCREMENTAL:NO /NOLOGO kernel32.lib user32.lib gdi32.lib winspool.lib comdlg32.lib advapi32.lib shell32.lib ole32.lib oleaut32.lib uuid.lib odbc32.lib odbccp32.lib /MANIFEST /MANIFESTUAC:"level='asInvoker' uiAccess='false'" /manifest:embed /DEBUG /PDB:"D:\GitHub\CEN_110\Lab\Week_5\2-The student with the highest average\Release\2-The student with the highest average.pdb" /SUBSYSTEM:CONSOLE /OPT:REF /OPT:ICF /LTCG /TLBID:1 /DYNAMICBASE /NXCOMPAT /IMPLIB:"D:\GitHub\CEN_110\Lab\Week_5\2-The student with the highest average\Release\2-The student with the highest average.lib" /MACHINE:X86 /SAFESEH Release\main.obj
         Generating code
         Finished generating code
         2-The student with the highest average.vcxproj -> D:\GitHub\CEN_110\Lab\Week_5\2-The student with the highest average\Release\2-The student with the highest average.exe
     1>Done Building Project "D:\GitHub\CEN_110\Lab\Week_5\2-The student with the highest average\2-The student with the highest average\2-The student with the highest average.vcxproj" (Build target(s)).

Build succeeded.

Time Elapsed 00:00:00.44
